<?xml version="1.0" encoding="UTF-8" standalone="no"?><testsuite errors="0" failures="1" hostname="ABDU-PC" name="default.normalization" tests="1" time="0.958000"><properties><property name="java.vendor" value="Oracle Corporation"/><property name="org.eclipse.debug.ui.breakpoints.toggleFactoriesUsed" value="false"/><property name="osgi.bundles.defaultStartLevel" value="4"/><property name="org.osgi.supports.framework.extension" value="true"/><property name="sun.management.compiler" value="HotSpot Client Compiler"/><property name="eclipse.p2.profile" value="epp.package.modeling"/><property name="os.name" value="Windows 8"/><property name="sun.boot.class.path" value="C:\Program Files\Java\jre7\lib\resources.jar;C:\Program Files\Java\jre7\lib\rt.jar;C:\Program Files\Java\jre7\lib\sunrsasign.jar;C:\Program Files\Java\jre7\lib\jsse.jar;C:\Program Files\Java\jre7\lib\jce.jar;C:\Program Files\Java\jre7\lib\charsets.jar;C:\Program Files\Java\jre7\lib\jfr.jar;C:\Program Files\Java\jre7\classes"/><property name="osgi.ws" value="win32"/><property name="sun.desktop" value="windows"/><property name="java.vm.specification.vendor" value="Oracle Corporation"/><property name="ant.home" value="F:\eclipse-epsilon-1.1_SR1-win32\plugins\org.apache.ant_1.8.4.v201303080030"/><property name="java.runtime.version" value="1.7.0_67-b01"/><property name="osgi.instance.area" value="file:/F:/eclipse-epsilon-1.1_SR1-win32/workspace/"/><property name="org.osgi.framework.uuid" value="f0c48180-4338-0014-15ec-a4eb9a9dfad5"/><property name="user.name" value="Abdu"/><property name="osgi.framework.extensions" value=""/><property name="org.osgi.framework.system.packages" value="javax.accessibility,javax.activation,javax.activity,javax.annotation,javax.annotation.processing,javax.crypto,javax.crypto.interfaces,javax.crypto.spec,javax.imageio,javax.imageio.event,javax.imageio.metadata,javax.imageio.plugins.bmp,javax.imageio.plugins.jpeg,javax.imageio.spi,javax.imageio.stream,javax.jws,javax.jws.soap,javax.lang.model,javax.lang.model.element,javax.lang.model.type,javax.lang.model.util,javax.management,javax.management.loading,javax.management.modelmbean,javax.management.monitor,javax.management.openmbean,javax.management.relation,javax.management.remote,javax.management.remote.rmi,javax.management.timer,javax.naming,javax.naming.directory,javax.naming.event,javax.naming.ldap,javax.naming.spi,javax.net,javax.net.ssl,javax.print,javax.print.attribute,javax.print.attribute.standard,javax.print.event,javax.rmi,javax.rmi.CORBA,javax.rmi.ssl,javax.script,javax.security.auth,javax.security.auth.callback,javax.security.auth.kerberos,javax.security.auth.login,javax.security.auth.spi,javax.security.auth.x500,javax.security.cert,javax.security.sasl,javax.sound.midi,javax.sound.midi.spi,javax.sound.sampled,javax.sound.sampled.spi,javax.sql,javax.sql.rowset,javax.sql.rowset.serial,javax.sql.rowset.spi,javax.swing,javax.swing.border,javax.swing.colorchooser,javax.swing.event,javax.swing.filechooser,javax.swing.plaf,javax.swing.plaf.basic,javax.swing.plaf.metal,javax.swing.plaf.multi,javax.swing.plaf.nimbus,javax.swing.plaf.synth,javax.swing.table,javax.swing.text,javax.swing.text.html,javax.swing.text.html.parser,javax.swing.text.rtf,javax.swing.tree,javax.swing.undo,javax.tools,javax.transaction,javax.transaction.xa,javax.xml,javax.xml.bind,javax.xml.bind.annotation,javax.xml.bind.annotation.adapters,javax.xml.bind.attachment,javax.xml.bind.helpers,javax.xml.bind.util,javax.xml.crypto,javax.xml.crypto.dom,javax.xml.crypto.dsig,javax.xml.crypto.dsig.dom,javax.xml.crypto.dsig.keyinfo,javax.xml.crypto.dsig.spec,javax.xml.datatype,javax.xml.namespace,javax.xml.parsers,javax.xml.soap,javax.xml.stream,javax.xml.stream.events,javax.xml.stream.util,javax.xml.transform,javax.xml.transform.dom,javax.xml.transform.sax,javax.xml.transform.stax,javax.xml.transform.stream,javax.xml.validation,javax.xml.ws,javax.xml.ws.handler,javax.xml.ws.handler.soap,javax.xml.ws.http,javax.xml.ws.soap,javax.xml.ws.spi,javax.xml.ws.spi.http,javax.xml.ws.wsaddressing,javax.xml.xpath,org.ietf.jgss,org.omg.CORBA,org.omg.CORBA_2_3,org.omg.CORBA_2_3.portable,org.omg.CORBA.DynAnyPackage,org.omg.CORBA.ORBPackage,org.omg.CORBA.portable,org.omg.CORBA.TypeCodePackage,org.omg.CosNaming,org.omg.CosNaming.NamingContextExtPackage,org.omg.CosNaming.NamingContextPackage,org.omg.Dynamic,org.omg.DynamicAny,org.omg.DynamicAny.DynAnyFactoryPackage,org.omg.DynamicAny.DynAnyPackage,org.omg.IOP,org.omg.IOP.CodecFactoryPackage,org.omg.IOP.CodecPackage,org.omg.Messaging,org.omg.PortableInterceptor,org.omg.PortableInterceptor.ORBInitInfoPackage,org.omg.PortableServer,org.omg.PortableServer.CurrentPackage,org.omg.PortableServer.POAManagerPackage,org.omg.PortableServer.POAPackage,org.omg.PortableServer.portable,org.omg.PortableServer.ServantLocatorPackage,org.omg.SendingContext,org.omg.stub.java.rmi,org.w3c.dom,org.w3c.dom.bootstrap,org.w3c.dom.css,org.w3c.dom.events,org.w3c.dom.html,org.w3c.dom.ls,org.w3c.dom.ranges,org.w3c.dom.stylesheets,org.w3c.dom.traversal,org.w3c.dom.views,org.w3c.dom.xpath,org.xml.sax,org.xml.sax.ext,org.xml.sax.helpers"/><property name="eclipse.launcher" value="F:\eclipse-epsilon-1.1_SR1-win32\eclipse.exe"/><property name="eclipse.launcher.name" value="Eclipse"/><property name="org.osgi.framework.language" value="en"/><property name="equinox.use.ds" value="true"/><property name="user.language" value="en"/><property name="org.osgi.framework.processor" value="x86"/><property name="osgi.syspath" value="f:\eclipse-epsilon-1.1_SR1-win32\plugins"/><property name="sun.boot.library.path" value="C:\Program Files\Java\jre7\bin"/><property name="org.osgi.framework.system.capabilities" value="osgi.ee; osgi.ee=&quot;OSGi/Minimum&quot;; version:List&lt;Version&gt;=&quot;1.0, 1.1, 1.2&quot;,osgi.ee; osgi.ee=&quot;JRE&quot;; version:List&lt;Version&gt;=&quot;1.0, 1.1&quot;,osgi.ee; osgi.ee=&quot;JavaSE&quot;; version:List&lt;Version&gt;=&quot;1.0, 1.1, 1.2, 1.3, 1.4, 1.5, 1.6, 1.7&quot;"/><property name="osgi.manifest.cache" value="F:\eclipse-epsilon-1.1_SR1-win32\configuration\org.eclipse.osgi\manifests"/><property name="java.version" value="1.7.0_67"/><property name="org.osgi.framework.os.name" value="Windows8"/><property name="user.timezone" value="Europe/London"/><property name="sun.arch.data.model" value="32"/><property name="osgi.bundles" value="reference:file:org.eclipse.equinox.simpleconfigurator_1.0.400.v20130327-2119.jar@1:start"/><property name="java.endorsed.dirs" value="C:\Program Files\Java\jre7\lib\endorsed"/><property name="osgi.tracefile" value="F:\eclipse-epsilon-1.1_SR1-win32\workspace\.metadata\trace.log"/><property name="eclipse.application" value="org.eclipse.ui.ide.workbench"/><property name="sun.cpu.isalist" value="pentium_pro+mmx pentium_pro pentium+mmx pentium i486 i386 i86"/><property name="sun.jnu.encoding" value="Cp1252"/><property name="file.encoding.pkg" value="sun.io"/><property name="org.osgi.framework.vendor" value="Eclipse"/><property name="file.separator" value="\"/><property name="java.specification.name" value="Java Platform API Specification"/><property name="java.class.version" value="51.0"/><property name="user.country" value="GB"/><property name="org.eclipse.equinox.launcher.splash.location" value="F:\eclipse-epsilon-1.1_SR1-win32\\plugins\org.eclipse.platform_4.3.0.v20130605-2000\splash.bmp"/><property name="java.home" value="C:\Program Files\Java\jre7"/><property name="osgi.os" value="win32"/><property name="eclipse.commands" value="-os&#10;win32&#10;-ws&#10;win32&#10;-arch&#10;x86&#10;-showsplash&#10;F:\eclipse-epsilon-1.1_SR1-win32\\plugins\org.eclipse.platform_4.3.0.v20130605-2000\splash.bmp&#10;-launcher&#10;F:\eclipse-epsilon-1.1_SR1-win32\eclipse.exe&#10;-name&#10;Eclipse&#10;--launcher.library&#10;F:\eclipse-epsilon-1.1_SR1-win32\\plugins/org.eclipse.equinox.launcher.win32.win32.x86_1.1.200.v20130521-0416\eclipse_1503.dll&#10;-startup&#10;F:\eclipse-epsilon-1.1_SR1-win32\\plugins/org.eclipse.equinox.launcher_1.3.0.v20130327-1440.jar&#10;--launcher.appendVmargs&#10;-product&#10;org.eclipse.epp.package.modeling.product&#10;-vm&#10;C:\Program Files\Java\jre7\bin\client\jvm.dll&#10;"/><property name="java.vm.info" value="mixed mode, sharing"/><property name="osgi.splashLocation" value="F:\eclipse-epsilon-1.1_SR1-win32\\plugins\org.eclipse.platform_4.3.0.v20130605-2000\splash.bmp"/><property name="os.version" value="6.2"/><property name="osgi.arch" value="x86"/><property name="path.separator" value=";"/><property name="java.vm.version" value="24.65-b04"/><property name="org.osgi.supports.framework.fragment" value="true"/><property name="user.variant" value=""/><property name="ant.library.dir" value="F:\eclipse-epsilon-1.1_SR1-win32\plugins\org.apache.ant_1.8.4.v201303080030\lib"/><property name="osgi.framework.shape" value="jar"/><property name="osgi.instance.area.default" value="file:/C:/Users/Abdu/workspace/"/><property name="java.awt.printerjob" value="sun.awt.windows.WPrinterJob"/><property name="sun.io.unicode.encoding" value="UnicodeLittle"/><property name="org.osgi.framework.version" value="1.7.0"/><property name="awt.toolkit" value="sun.awt.windows.WToolkit"/><property name="user.script" value=""/><property name="osgi.install.area" value="file:/F:/eclipse-epsilon-1.1_SR1-win32/"/><property name="osgi.framework" value="file:/f:/eclipse-epsilon-1.1_SR1-win32/plugins/org.eclipse.osgi_3.9.0.v20130529-1710.jar"/><property name="user.home" value="C:\Users\Abdu"/><property name="org.eclipse.equinox.simpleconfigurator.configUrl" value="file:org.eclipse.equinox.simpleconfigurator/bundles.info"/><property name="osgi.bundlestore" value="F:\eclipse-epsilon-1.1_SR1-win32\configuration\org.eclipse.osgi\bundles"/><property name="osgi.splashPath" value="platform:/base/plugins/org.eclipse.platform"/><property name="osgi.nl" value="en_GB"/><property name="java.specification.vendor" value="Oracle Corporation"/><property name="java.library.path" value="F:\eclipse-epsilon-1.1_SR1-win32;C:\WINDOWS\Sun\Java\bin;C:\WINDOWS\system32;C:\WINDOWS;C:/Program Files/Java/jre7/bin/client;C:/Program Files/Java/jre7/bin;C:/Program Files/Java/jre7/lib/i386;C:\Program Files\Java\jdk1.7.0_67;C:\WINDOWS\system32;C:\WINDOWS;C:\WINDOWS\System32\Wbem;C:\WINDOWS\System32\WindowsPowerShell\v1.0\;C:\Program Files\apache-ant-1.9.4\bin;F:\eclipse-epsilon-1.1_SR1-win32;;."/><property name="java.vendor.url" value="http://java.oracle.com/"/><property name="org.osgi.framework.os.version" value="6.2.0"/><property name="eclipse.p2.data.area" value="@config.dir/../p2/"/><property name="eclipse.startTime" value="1410282328845"/><property name="java.vm.vendor" value="Oracle Corporation"/><property name="java.runtime.name" value="Java(TM) SE Runtime Environment"/><property name="java.class.path" value="F:\eclipse-epsilon-1.1_SR1-win32\\plugins/org.eclipse.equinox.launcher_1.3.0.v20130327-1440.jar"/><property name="osgi.requiredJavaVersion" value="1.6"/><property name="org.eclipse.update.reconcile" value="false"/><property name="eclipse.vm" value="C:\Program Files\Java\jre7\bin\client\jvm.dll"/><property name="java.vm.specification.name" value="Java Virtual Machine Specification"/><property name="java.vm.specification.version" value="1.7"/><property name="sun.cpu.endian" value="little"/><property name="sun.os.patch.level" value=""/><property name="gosh.args" value="--nointeractive"/><property name="java.io.tmpdir" value="C:\Users\Abdu\AppData\Local\Temp\"/><property name="applicationXMI" value="org.eclipse.ui.workbench/LegacyIDE.e4xmi"/><property name="java.vendor.url.bug" value="http://bugreport.sun.com/bugreport/"/><property name="eclipse.product" value="org.eclipse.epp.package.modeling.product"/><property name="eclipse.home.location" value="file:/F:/eclipse-epsilon-1.1_SR1-win32/"/><property name="os.arch" value="x86"/><property name="java.awt.graphicsenv" value="sun.awt.Win32GraphicsEnvironment"/><property name="java.ext.dirs" value="C:\Program Files\Java\jre7\lib\ext;C:\WINDOWS\Sun\Java\lib\ext"/><property name="user.dir" value="F:\eclipse-epsilon-1.1_SR1-win32"/><property name="org.osgi.supports.framework.requirebundle" value="true"/><property name="line.separator" value="&#13;&#10;"/><property name="java.vm.name" value="Java HotSpot(TM) Client VM"/><property name="org.apache.commons.logging.Log" value="org.apache.commons.logging.impl.NoOpLog"/><property name="file.encoding" value="Cp1252"/><property name="osgi.framework.version" value="3.9.0.v20130529-1710"/><property name="eclipse.buildId" value="4.3.0.I20130605-2000"/><property name="eclipse.vmargs" value="-Dosgi.requiredJavaVersion=1.6&#10;-Xms40m&#10;-Xmx512m&#10;-XX:MaxPermSize=256m&#10;-Djava.class.path=F:\eclipse-epsilon-1.1_SR1-win32\\plugins/org.eclipse.equinox.launcher_1.3.0.v20130327-1440.jar&#10;"/><property name="java.specification.version" value="1.7"/><property name="org.osgi.framework.executionenvironment" value="OSGi/Minimum-1.0,OSGi/Minimum-1.1,OSGi/Minimum-1.2,JRE-1.1,J2SE-1.2,J2SE-1.3,J2SE-1.4,J2SE-1.5,JavaSE-1.6,JavaSE-1.7"/><property name="osgi.logfile" value="F:\eclipse-epsilon-1.1_SR1-win32\workspace\.metadata\.log"/><property name="osgi.configuration.area" value="file:/F:/eclipse-epsilon-1.1_SR1-win32/configuration/"/></properties><testcase classname="default.normalization" name="normalization_R1" time="0.802000"><failure message="Internal error: Expected R1_expected to be equal to R1_migrated, but it is not [C:\Users\Abdu\git\abdush\BPMN2StateChart\BPMN Normalization\eunits\normalization.eunit@59:2]&#13;&#10;&#9;at org.eclipse.epsilon.eunit.operations.ExtraEUnitOperationContributor.compareModels[ExtraEUnitOperationContributor.java:255]&#13;&#10;&#9;at org.eclipse.epsilon.eunit.operations.ExtraEUnitOperationContributor.assertEqualModels[ExtraEUnitOperationContributor.java:60]&#13;&#10;&#9;at sun.reflect.NativeMethodAccessorImpl.invoke0[Native Method]&#13;&#10;&#9;at sun.reflect.NativeMethodAccessorImpl.invoke[Unknown Source]&#13;&#10;&#9;at sun.reflect.DelegatingMethodAccessorImpl.invoke[Unknown Source]&#13;&#10;&#9;at java.lang.reflect.Method.invoke[Unknown Source]&#13;&#10;&#9;at org.eclipse.epsilon.eol.util.ReflectionUtil.executeMethod[ReflectionUtil.java:187]&#13;&#10;&#9;at org.eclipse.epsilon.eol.util.ReflectionUtil.executeMethod[ReflectionUtil.java:163]&#13;&#10;&#9;at org.eclipse.epsilon.eol.execute.PointExecutor.executeOperation[PointExecutor.java:174]&#13;&#10;&#9;at org.eclipse.epsilon.eol.execute.PointExecutor.execute[PointExecutor.java:89]&#13;&#10;&#9;at org.eclipse.epsilon.eol.execute.ContextlessOperationExecutor.execute[ContextlessOperationExecutor.java:27]&#13;&#10;&#9;at org.eclipse.epsilon.eol.execute.NameExecutor.execute[NameExecutor.java:38]&#13;&#10;&#9;at org.eclipse.epsilon.eol.execute.NameExecutor.execute[NameExecutor.java:97]&#13;&#10;&#9;at org.eclipse.epsilon.eol.execute.ExecutorFactory.executeAST[ExecutorFactory.java:190]&#13;&#10;&#9;at org.eclipse.epsilon.eol.execute.ExecutorFactory.executeAST[ExecutorFactory.java:160]&#13;&#10;&#9;at org.eclipse.epsilon.eol.execute.StatementBlockExecutor.execute[StatementBlockExecutor.java:26]&#13;&#10;&#9;at org.eclipse.epsilon.eol.execute.ExecutorFactory.executeAST[ExecutorFactory.java:190]&#13;&#10;&#9;at org.eclipse.epsilon.eol.EolOperation.executeBody[EolOperation.java:276]&#13;&#10;&#9;at org.eclipse.epsilon.eol.EolOperation.execute[EolOperation.java:248]&#13;&#10;&#9;at org.eclipse.epsilon.eunit.EUnitModule.runLeafTestCase[EUnitModule.java:414]&#13;&#10;&#9;at org.eclipse.epsilon.eunit.EUnitModule.runSuiteInternal[EUnitModule.java:342]&#13;&#10;&#9;at org.eclipse.epsilon.eunit.EUnitModule.runSuite[EUnitModule.java:165]&#13;&#10;&#9;at org.eclipse.epsilon.eunit.EUnitModule.runInnerTestCase[EUnitModule.java:369]&#13;&#10;&#9;at org.eclipse.epsilon.eunit.EUnitModule.runSuiteInternal[EUnitModule.java:344]&#13;&#10;&#9;at org.eclipse.epsilon.eunit.EUnitModule.runSuite[EUnitModule.java:165]&#13;&#10;&#9;at org.eclipse.epsilon.eunit.EUnitModule.execute[EUnitModule.java:126]&#13;&#10;&#9;at org.eclipse.epsilon.workflow.tasks.ExecutableModuleTask.executeImpl[ExecutableModuleTask.java:193]&#13;&#10;&#9;at org.eclipse.epsilon.workflow.tasks.EpsilonTask.execute[EpsilonTask.java:42]&#13;&#10;&#9;at org.apache.tools.ant.UnknownElement.execute[UnknownElement.java:291]&#13;&#10;&#9;at sun.reflect.NativeMethodAccessorImpl.invoke0[Native Method]&#13;&#10;&#9;at sun.reflect.NativeMethodAccessorImpl.invoke[Unknown Source]&#13;&#10;&#9;at sun.reflect.DelegatingMethodAccessorImpl.invoke[Unknown Source]&#13;&#10;&#9;at java.lang.reflect.Method.invoke[Unknown Source]&#13;&#10;&#9;at org.apache.tools.ant.dispatch.DispatchUtils.execute[DispatchUtils.java:106]&#13;&#10;&#9;at org.apache.tools.ant.Task.perform[Task.java:348]&#13;&#10;&#9;at org.apache.tools.ant.Target.execute[Target.java:392]&#13;&#10;&#9;at org.apache.tools.ant.Target.performTasks[Target.java:413]&#13;&#10;&#9;at org.apache.tools.ant.Project.executeSortedTargets[Project.java:1399]&#13;&#10;&#9;at org.apache.tools.ant.Project.executeTarget[Project.java:1368]&#13;&#10;&#9;at org.apache.tools.ant.helper.DefaultExecutor.executeTargets[DefaultExecutor.java:41]&#13;&#10;&#9;at org.eclipse.ant.internal.core.ant.EclipseDefaultExecutor.executeTargets[EclipseDefaultExecutor.java:32]&#13;&#10;&#9;at org.apache.tools.ant.Project.executeTargets[Project.java:1251]&#13;&#10;&#9;at org.eclipse.ant.internal.core.ant.InternalAntRunner.run[InternalAntRunner.java:672]&#13;&#10;&#9;at org.eclipse.ant.internal.core.ant.InternalAntRunner.run[InternalAntRunner.java:498]&#13;&#10;&#9;at sun.reflect.NativeMethodAccessorImpl.invoke0[Native Method]&#13;&#10;&#9;at sun.reflect.NativeMethodAccessorImpl.invoke[Unknown Source]&#13;&#10;&#9;at sun.reflect.DelegatingMethodAccessorImpl.invoke[Unknown Source]&#13;&#10;&#9;at java.lang.reflect.Method.invoke[Unknown Source]&#13;&#10;&#9;at org.eclipse.ant.core.AntRunner.run[AntRunner.java:378]&#13;&#10;&#9;at org.eclipse.ant.internal.launching.launchConfigurations.AntLaunchDelegate$1.run[AntLaunchDelegate.java:284]&#13;&#10;&#9;at java.lang.Thread.run[Unknown Source]&#13;&#10; (C:\Users\Abdu\git\abdush\BPMN2StateChart\BPMN Normalization\eunits\normalization.eunit@59:2)" type="org.eclipse.epsilon.eol.exceptions.EolInternalException">Internal error: Expected R1_expected to be equal to R1_migrated, but it is not [C:\Users\Abdu\git\abdush\BPMN2StateChart\BPMN Normalization\eunits\normalization.eunit@59:2]&#13;
	at org.eclipse.epsilon.eunit.operations.ExtraEUnitOperationContributor.compareModels[ExtraEUnitOperationContributor.java:255]&#13;
	at org.eclipse.epsilon.eunit.operations.ExtraEUnitOperationContributor.assertEqualModels[ExtraEUnitOperationContributor.java:60]&#13;
	at sun.reflect.NativeMethodAccessorImpl.invoke0[Native Method]&#13;
	at sun.reflect.NativeMethodAccessorImpl.invoke[Unknown Source]&#13;
	at sun.reflect.DelegatingMethodAccessorImpl.invoke[Unknown Source]&#13;
	at java.lang.reflect.Method.invoke[Unknown Source]&#13;
	at org.eclipse.epsilon.eol.util.ReflectionUtil.executeMethod[ReflectionUtil.java:187]&#13;
	at org.eclipse.epsilon.eol.util.ReflectionUtil.executeMethod[ReflectionUtil.java:163]&#13;
	at org.eclipse.epsilon.eol.execute.PointExecutor.executeOperation[PointExecutor.java:174]&#13;
	at org.eclipse.epsilon.eol.execute.PointExecutor.execute[PointExecutor.java:89]&#13;
	at org.eclipse.epsilon.eol.execute.ContextlessOperationExecutor.execute[ContextlessOperationExecutor.java:27]&#13;
	at org.eclipse.epsilon.eol.execute.NameExecutor.execute[NameExecutor.java:38]&#13;
	at org.eclipse.epsilon.eol.execute.NameExecutor.execute[NameExecutor.java:97]&#13;
	at org.eclipse.epsilon.eol.execute.ExecutorFactory.executeAST[ExecutorFactory.java:190]&#13;
	at org.eclipse.epsilon.eol.execute.ExecutorFactory.executeAST[ExecutorFactory.java:160]&#13;
	at org.eclipse.epsilon.eol.execute.StatementBlockExecutor.execute[StatementBlockExecutor.java:26]&#13;
	at org.eclipse.epsilon.eol.execute.ExecutorFactory.executeAST[ExecutorFactory.java:190]&#13;
	at org.eclipse.epsilon.eol.EolOperation.executeBody[EolOperation.java:276]&#13;
	at org.eclipse.epsilon.eol.EolOperation.execute[EolOperation.java:248]&#13;
	at org.eclipse.epsilon.eunit.EUnitModule.runLeafTestCase[EUnitModule.java:414]&#13;
	at org.eclipse.epsilon.eunit.EUnitModule.runSuiteInternal[EUnitModule.java:342]&#13;
	at org.eclipse.epsilon.eunit.EUnitModule.runSuite[EUnitModule.java:165]&#13;
	at org.eclipse.epsilon.eunit.EUnitModule.runInnerTestCase[EUnitModule.java:369]&#13;
	at org.eclipse.epsilon.eunit.EUnitModule.runSuiteInternal[EUnitModule.java:344]&#13;
	at org.eclipse.epsilon.eunit.EUnitModule.runSuite[EUnitModule.java:165]&#13;
	at org.eclipse.epsilon.eunit.EUnitModule.execute[EUnitModule.java:126]&#13;
	at org.eclipse.epsilon.workflow.tasks.ExecutableModuleTask.executeImpl[ExecutableModuleTask.java:193]&#13;
	at org.eclipse.epsilon.workflow.tasks.EpsilonTask.execute[EpsilonTask.java:42]&#13;
	at org.apache.tools.ant.UnknownElement.execute[UnknownElement.java:291]&#13;
	at sun.reflect.NativeMethodAccessorImpl.invoke0[Native Method]&#13;
	at sun.reflect.NativeMethodAccessorImpl.invoke[Unknown Source]&#13;
	at sun.reflect.DelegatingMethodAccessorImpl.invoke[Unknown Source]&#13;
	at java.lang.reflect.Method.invoke[Unknown Source]&#13;
	at org.apache.tools.ant.dispatch.DispatchUtils.execute[DispatchUtils.java:106]&#13;
	at org.apache.tools.ant.Task.perform[Task.java:348]&#13;
	at org.apache.tools.ant.Target.execute[Target.java:392]&#13;
	at org.apache.tools.ant.Target.performTasks[Target.java:413]&#13;
	at org.apache.tools.ant.Project.executeSortedTargets[Project.java:1399]&#13;
	at org.apache.tools.ant.Project.executeTarget[Project.java:1368]&#13;
	at org.apache.tools.ant.helper.DefaultExecutor.executeTargets[DefaultExecutor.java:41]&#13;
	at org.eclipse.ant.internal.core.ant.EclipseDefaultExecutor.executeTargets[EclipseDefaultExecutor.java:32]&#13;
	at org.apache.tools.ant.Project.executeTargets[Project.java:1251]&#13;
	at org.eclipse.ant.internal.core.ant.InternalAntRunner.run[InternalAntRunner.java:672]&#13;
	at org.eclipse.ant.internal.core.ant.InternalAntRunner.run[InternalAntRunner.java:498]&#13;
	at sun.reflect.NativeMethodAccessorImpl.invoke0[Native Method]&#13;
	at sun.reflect.NativeMethodAccessorImpl.invoke[Unknown Source]&#13;
	at sun.reflect.DelegatingMethodAccessorImpl.invoke[Unknown Source]&#13;
	at java.lang.reflect.Method.invoke[Unknown Source]&#13;
	at org.eclipse.ant.core.AntRunner.run[AntRunner.java:378]&#13;
	at org.eclipse.ant.internal.launching.launchConfigurations.AntLaunchDelegate$1.run[AntLaunchDelegate.java:284]&#13;
	at java.lang.Thread.run[Unknown Source]&#13;
 (C:\Users\Abdu\git\abdush\BPMN2StateChart\BPMN Normalization\eunits\normalization.eunit@59:2)&#13;
	at org.eclipse.epsilon.eunit.operations.ExtraEUnitOperationContributor.compareModels(ExtraEUnitOperationContributor.java:255)&#13;
	at org.eclipse.epsilon.eunit.operations.ExtraEUnitOperationContributor.assertEqualModels(ExtraEUnitOperationContributor.java:60)&#13;
	at sun.reflect.NativeMethodAccessorImpl.invoke0(Native Method)&#13;
	at sun.reflect.NativeMethodAccessorImpl.invoke(Unknown Source)&#13;
	at sun.reflect.DelegatingMethodAccessorImpl.invoke(Unknown Source)&#13;
	at java.lang.reflect.Method.invoke(Unknown Source)&#13;
	at org.eclipse.epsilon.eol.util.ReflectionUtil.executeMethod(ReflectionUtil.java:187)&#13;
	at org.eclipse.epsilon.eol.util.ReflectionUtil.executeMethod(ReflectionUtil.java:163)&#13;
	at org.eclipse.epsilon.eol.execute.PointExecutor.executeOperation(PointExecutor.java:174)&#13;
	at org.eclipse.epsilon.eol.execute.PointExecutor.execute(PointExecutor.java:89)&#13;
	at org.eclipse.epsilon.eol.execute.ContextlessOperationExecutor.execute(ContextlessOperationExecutor.java:27)&#13;
	at org.eclipse.epsilon.eol.execute.NameExecutor.execute(NameExecutor.java:38)&#13;
	at org.eclipse.epsilon.eol.execute.NameExecutor.execute(NameExecutor.java:97)&#13;
	at org.eclipse.epsilon.eol.execute.ExecutorFactory.executeAST(ExecutorFactory.java:190)&#13;
	at org.eclipse.epsilon.eol.execute.ExecutorFactory.executeAST(ExecutorFactory.java:160)&#13;
	at org.eclipse.epsilon.eol.execute.StatementBlockExecutor.execute(StatementBlockExecutor.java:26)&#13;
	at org.eclipse.epsilon.eol.execute.ExecutorFactory.executeAST(ExecutorFactory.java:190)&#13;
	at org.eclipse.epsilon.eol.EolOperation.executeBody(EolOperation.java:276)&#13;
	at org.eclipse.epsilon.eol.EolOperation.execute(EolOperation.java:248)&#13;
	at org.eclipse.epsilon.eunit.EUnitModule.runLeafTestCase(EUnitModule.java:414)&#13;
	at org.eclipse.epsilon.eunit.EUnitModule.runSuiteInternal(EUnitModule.java:342)&#13;
	at org.eclipse.epsilon.eunit.EUnitModule.runSuite(EUnitModule.java:165)&#13;
	at org.eclipse.epsilon.eunit.EUnitModule.runInnerTestCase(EUnitModule.java:369)&#13;
	at org.eclipse.epsilon.eunit.EUnitModule.runSuiteInternal(EUnitModule.java:344)&#13;
	at org.eclipse.epsilon.eunit.EUnitModule.runSuite(EUnitModule.java:165)&#13;
	at org.eclipse.epsilon.eunit.EUnitModule.execute(EUnitModule.java:126)&#13;
	at org.eclipse.epsilon.workflow.tasks.ExecutableModuleTask.executeImpl(ExecutableModuleTask.java:193)&#13;
	at org.eclipse.epsilon.workflow.tasks.EpsilonTask.execute(EpsilonTask.java:42)&#13;
	at org.apache.tools.ant.UnknownElement.execute(UnknownElement.java:291)&#13;
	at sun.reflect.NativeMethodAccessorImpl.invoke0(Native Method)&#13;
	at sun.reflect.NativeMethodAccessorImpl.invoke(Unknown Source)&#13;
	at sun.reflect.DelegatingMethodAccessorImpl.invoke(Unknown Source)&#13;
	at java.lang.reflect.Method.invoke(Unknown Source)&#13;
	at org.apache.tools.ant.dispatch.DispatchUtils.execute(DispatchUtils.java:106)&#13;
	at org.apache.tools.ant.Task.perform(Task.java:348)&#13;
	at org.apache.tools.ant.Target.execute(Target.java:392)&#13;
	at org.apache.tools.ant.Target.performTasks(Target.java:413)&#13;
	at org.apache.tools.ant.Project.executeSortedTargets(Project.java:1399)&#13;
	at org.apache.tools.ant.Project.executeTarget(Project.java:1368)&#13;
	at org.apache.tools.ant.helper.DefaultExecutor.executeTargets(DefaultExecutor.java:41)&#13;
	at org.eclipse.ant.internal.core.ant.EclipseDefaultExecutor.executeTargets(EclipseDefaultExecutor.java:32)&#13;
	at org.apache.tools.ant.Project.executeTargets(Project.java:1251)&#13;
	at org.eclipse.ant.internal.core.ant.InternalAntRunner.run(InternalAntRunner.java:672)&#13;
	at org.eclipse.ant.internal.core.ant.InternalAntRunner.run(InternalAntRunner.java:498)&#13;
	at sun.reflect.NativeMethodAccessorImpl.invoke0(Native Method)&#13;
	at sun.reflect.NativeMethodAccessorImpl.invoke(Unknown Source)&#13;
	at sun.reflect.DelegatingMethodAccessorImpl.invoke(Unknown Source)&#13;
	at java.lang.reflect.Method.invoke(Unknown Source)&#13;
	at org.eclipse.ant.core.AntRunner.run(AntRunner.java:378)&#13;
	at org.eclipse.ant.internal.launching.launchConfigurations.AntLaunchDelegate$1.run(AntLaunchDelegate.java:284)&#13;
	at java.lang.Thread.run(Unknown Source)&#13;
Caused by: Expected R1_expected to be equal to R1_migrated, but it is not (C:\Users\Abdu\git\abdush\BPMN2StateChart\BPMN Normalization\eunits\normalization.eunit@59:2)&#13;
	... 51 more&#13;
</failure></testcase><system-out/><system-err>Test normalization_R1 {} failed with status FAILURE: Internal error: Expected R1_expected to be equal to R1_migrated, but it is not [C:\Users\Abdu\git\abdush\BPMN2StateChart\BPMN Normalization\eunits\normalization.eunit@59:2]&#13;
	at org.eclipse.epsilon.eunit.operations.ExtraEUnitOperationContributor.compareModels[ExtraEUnitOperationContributor.java:255]&#13;
	at org.eclipse.epsilon.eunit.operations.ExtraEUnitOperationContributor.assertEqualModels[ExtraEUnitOperationContributor.java:60]&#13;
	at sun.reflect.NativeMethodAccessorImpl.invoke0[Native Method]&#13;
	at sun.reflect.NativeMethodAccessorImpl.invoke[Unknown Source]&#13;
	at sun.reflect.DelegatingMethodAccessorImpl.invoke[Unknown Source]&#13;
	at java.lang.reflect.Method.invoke[Unknown Source]&#13;
	at org.eclipse.epsilon.eol.util.ReflectionUtil.executeMethod[ReflectionUtil.java:187]&#13;
	at org.eclipse.epsilon.eol.util.ReflectionUtil.executeMethod[ReflectionUtil.java:163]&#13;
	at org.eclipse.epsilon.eol.execute.PointExecutor.executeOperation[PointExecutor.java:174]&#13;
	at org.eclipse.epsilon.eol.execute.PointExecutor.execute[PointExecutor.java:89]&#13;
	at org.eclipse.epsilon.eol.execute.ContextlessOperationExecutor.execute[ContextlessOperationExecutor.java:27]&#13;
	at org.eclipse.epsilon.eol.execute.NameExecutor.execute[NameExecutor.java:38]&#13;
	at org.eclipse.epsilon.eol.execute.NameExecutor.execute[NameExecutor.java:97]&#13;
	at org.eclipse.epsilon.eol.execute.ExecutorFactory.executeAST[ExecutorFactory.java:190]&#13;
	at org.eclipse.epsilon.eol.execute.ExecutorFactory.executeAST[ExecutorFactory.java:160]&#13;
	at org.eclipse.epsilon.eol.execute.StatementBlockExecutor.execute[StatementBlockExecutor.java:26]&#13;
	at org.eclipse.epsilon.eol.execute.ExecutorFactory.executeAST[ExecutorFactory.java:190]&#13;
	at org.eclipse.epsilon.eol.EolOperation.executeBody[EolOperation.java:276]&#13;
	at org.eclipse.epsilon.eol.EolOperation.execute[EolOperation.java:248]&#13;
	at org.eclipse.epsilon.eunit.EUnitModule.runLeafTestCase[EUnitModule.java:414]&#13;
	at org.eclipse.epsilon.eunit.EUnitModule.runSuiteInternal[EUnitModule.java:342]&#13;
	at org.eclipse.epsilon.eunit.EUnitModule.runSuite[EUnitModule.java:165]&#13;
	at org.eclipse.epsilon.eunit.EUnitModule.runInnerTestCase[EUnitModule.java:369]&#13;
	at org.eclipse.epsilon.eunit.EUnitModule.runSuiteInternal[EUnitModule.java:344]&#13;
	at org.eclipse.epsilon.eunit.EUnitModule.runSuite[EUnitModule.java:165]&#13;
	at org.eclipse.epsilon.eunit.EUnitModule.execute[EUnitModule.java:126]&#13;
	at org.eclipse.epsilon.workflow.tasks.ExecutableModuleTask.executeImpl[ExecutableModuleTask.java:193]&#13;
	at org.eclipse.epsilon.workflow.tasks.EpsilonTask.execute[EpsilonTask.java:42]&#13;
	at org.apache.tools.ant.UnknownElement.execute[UnknownElement.java:291]&#13;
	at sun.reflect.NativeMethodAccessorImpl.invoke0[Native Method]&#13;
	at sun.reflect.NativeMethodAccessorImpl.invoke[Unknown Source]&#13;
	at sun.reflect.DelegatingMethodAccessorImpl.invoke[Unknown Source]&#13;
	at java.lang.reflect.Method.invoke[Unknown Source]&#13;
	at org.apache.tools.ant.dispatch.DispatchUtils.execute[DispatchUtils.java:106]&#13;
	at org.apache.tools.ant.Task.perform[Task.java:348]&#13;
	at org.apache.tools.ant.Target.execute[Target.java:392]&#13;
	at org.apache.tools.ant.Target.performTasks[Target.java:413]&#13;
	at org.apache.tools.ant.Project.executeSortedTargets[Project.java:1399]&#13;
	at org.apache.tools.ant.Project.executeTarget[Project.java:1368]&#13;
	at org.apache.tools.ant.helper.DefaultExecutor.executeTargets[DefaultExecutor.java:41]&#13;
	at org.eclipse.ant.internal.core.ant.EclipseDefaultExecutor.executeTargets[EclipseDefaultExecutor.java:32]&#13;
	at org.apache.tools.ant.Project.executeTargets[Project.java:1251]&#13;
	at org.eclipse.ant.internal.core.ant.InternalAntRunner.run[InternalAntRunner.java:672]&#13;
	at org.eclipse.ant.internal.core.ant.InternalAntRunner.run[InternalAntRunner.java:498]&#13;
	at sun.reflect.NativeMethodAccessorImpl.invoke0[Native Method]&#13;
	at sun.reflect.NativeMethodAccessorImpl.invoke[Unknown Source]&#13;
	at sun.reflect.DelegatingMethodAccessorImpl.invoke[Unknown Source]&#13;
	at java.lang.reflect.Method.invoke[Unknown Source]&#13;
	at org.eclipse.ant.core.AntRunner.run[AntRunner.java:378]&#13;
	at org.eclipse.ant.internal.launching.launchConfigurations.AntLaunchDelegate$1.run[AntLaunchDelegate.java:284]&#13;
	at java.lang.Thread.run[Unknown Source]&#13;
 (C:\Users\Abdu\git\abdush\BPMN2StateChart\BPMN Normalization\eunits\normalization.eunit@59:2)&#13;
Test root {} failed with status FAILURE: Internal error: Expected R1_expected to be equal to R1_migrated, but it is not [C:\Users\Abdu\git\abdush\BPMN2StateChart\BPMN Normalization\eunits\normalization.eunit@59:2]&#13;
	at org.eclipse.epsilon.eunit.operations.ExtraEUnitOperationContributor.compareModels[ExtraEUnitOperationContributor.java:255]&#13;
	at org.eclipse.epsilon.eunit.operations.ExtraEUnitOperationContributor.assertEqualModels[ExtraEUnitOperationContributor.java:60]&#13;
	at sun.reflect.NativeMethodAccessorImpl.invoke0[Native Method]&#13;
	at sun.reflect.NativeMethodAccessorImpl.invoke[Unknown Source]&#13;
	at sun.reflect.DelegatingMethodAccessorImpl.invoke[Unknown Source]&#13;
	at java.lang.reflect.Method.invoke[Unknown Source]&#13;
	at org.eclipse.epsilon.eol.util.ReflectionUtil.executeMethod[ReflectionUtil.java:187]&#13;
	at org.eclipse.epsilon.eol.util.ReflectionUtil.executeMethod[ReflectionUtil.java:163]&#13;
	at org.eclipse.epsilon.eol.execute.PointExecutor.executeOperation[PointExecutor.java:174]&#13;
	at org.eclipse.epsilon.eol.execute.PointExecutor.execute[PointExecutor.java:89]&#13;
	at org.eclipse.epsilon.eol.execute.ContextlessOperationExecutor.execute[ContextlessOperationExecutor.java:27]&#13;
	at org.eclipse.epsilon.eol.execute.NameExecutor.execute[NameExecutor.java:38]&#13;
	at org.eclipse.epsilon.eol.execute.NameExecutor.execute[NameExecutor.java:97]&#13;
	at org.eclipse.epsilon.eol.execute.ExecutorFactory.executeAST[ExecutorFactory.java:190]&#13;
	at org.eclipse.epsilon.eol.execute.ExecutorFactory.executeAST[ExecutorFactory.java:160]&#13;
	at org.eclipse.epsilon.eol.execute.StatementBlockExecutor.execute[StatementBlockExecutor.java:26]&#13;
	at org.eclipse.epsilon.eol.execute.ExecutorFactory.executeAST[ExecutorFactory.java:190]&#13;
	at org.eclipse.epsilon.eol.EolOperation.executeBody[EolOperation.java:276]&#13;
	at org.eclipse.epsilon.eol.EolOperation.execute[EolOperation.java:248]&#13;
	at org.eclipse.epsilon.eunit.EUnitModule.runLeafTestCase[EUnitModule.java:414]&#13;
	at org.eclipse.epsilon.eunit.EUnitModule.runSuiteInternal[EUnitModule.java:342]&#13;
	at org.eclipse.epsilon.eunit.EUnitModule.runSuite[EUnitModule.java:165]&#13;
	at org.eclipse.epsilon.eunit.EUnitModule.runInnerTestCase[EUnitModule.java:369]&#13;
	at org.eclipse.epsilon.eunit.EUnitModule.runSuiteInternal[EUnitModule.java:344]&#13;
	at org.eclipse.epsilon.eunit.EUnitModule.runSuite[EUnitModule.java:165]&#13;
	at org.eclipse.epsilon.eunit.EUnitModule.execute[EUnitModule.java:126]&#13;
	at org.eclipse.epsilon.workflow.tasks.ExecutableModuleTask.executeImpl[ExecutableModuleTask.java:193]&#13;
	at org.eclipse.epsilon.workflow.tasks.EpsilonTask.execute[EpsilonTask.java:42]&#13;
	at org.apache.tools.ant.UnknownElement.execute[UnknownElement.java:291]&#13;
	at sun.reflect.NativeMethodAccessorImpl.invoke0[Native Method]&#13;
	at sun.reflect.NativeMethodAccessorImpl.invoke[Unknown Source]&#13;
	at sun.reflect.DelegatingMethodAccessorImpl.invoke[Unknown Source]&#13;
	at java.lang.reflect.Method.invoke[Unknown Source]&#13;
	at org.apache.tools.ant.dispatch.DispatchUtils.execute[DispatchUtils.java:106]&#13;
	at org.apache.tools.ant.Task.perform[Task.java:348]&#13;
	at org.apache.tools.ant.Target.execute[Target.java:392]&#13;
	at org.apache.tools.ant.Target.performTasks[Target.java:413]&#13;
	at org.apache.tools.ant.Project.executeSortedTargets[Project.java:1399]&#13;
	at org.apache.tools.ant.Project.executeTarget[Project.java:1368]&#13;
	at org.apache.tools.ant.helper.DefaultExecutor.executeTargets[DefaultExecutor.java:41]&#13;
	at org.eclipse.ant.internal.core.ant.EclipseDefaultExecutor.executeTargets[EclipseDefaultExecutor.java:32]&#13;
	at org.apache.tools.ant.Project.executeTargets[Project.java:1251]&#13;
	at org.eclipse.ant.internal.core.ant.InternalAntRunner.run[InternalAntRunner.java:672]&#13;
	at org.eclipse.ant.internal.core.ant.InternalAntRunner.run[InternalAntRunner.java:498]&#13;
	at sun.reflect.NativeMethodAccessorImpl.invoke0[Native Method]&#13;
	at sun.reflect.NativeMethodAccessorImpl.invoke[Unknown Source]&#13;
	at sun.reflect.DelegatingMethodAccessorImpl.invoke[Unknown Source]&#13;
	at java.lang.reflect.Method.invoke[Unknown Source]&#13;
	at org.eclipse.ant.core.AntRunner.run[AntRunner.java:378]&#13;
	at org.eclipse.ant.internal.launching.launchConfigurations.AntLaunchDelegate$1.run[AntLaunchDelegate.java:284]&#13;
	at java.lang.Thread.run[Unknown Source]&#13;
 (C:\Users\Abdu\git\abdush\BPMN2StateChart\BPMN Normalization\eunits\normalization.eunit@59:2)&#13;
</system-err></testsuite>